<?xml version="1.0" encoding="UTF-8"?>
<!-- Generated by org.testng.reporters.JUnitReportReporter -->
<testsuite hostname="Jacobo_Lenovo" failures="0" tests="3" name="com.udemy.demo1.TestClass1" time="11.784" errors="0" timestamp="2022-09-16T18:38:40 CDT" skipped="0">
  <testcase classname="com.udemy.demo1.TestClass1" name="test2" time="2.755"/>
  <system-out/>
  <testcase classname="com.udemy.demo1.TestClass1" name="test1" time="5.543"/>
  <system-out/>
  <testcase classname="com.udemy.demo1.TestClass1" name="test3" time="3.486"/>
  <system-out/>
</testsuite> <!-- com.udemy.demo1.TestClass1 -->
